https://www.ixigua.com/c/user/95859879519/ 5:00
95859879519
6619908532533723652
Message: 
Screenshot: available via screen

0
5
http://v11-tt.ixigua.com/ca25cdf3d68156848b615d6167817da0/5bdf1131/video/m/2203e5fbdcc75554c8aa1eb71c658a5e127115ed79d000060ed2d67a62c/
fail
6619880399818457614
5
http://v11-tt.ixigua.com/407b69086845d5958347e05cfbecb531/5bdf1197/video/m/220ad5caf26bbe846f3b0667e31f4ba0219115edd1a000030569e9ea9ac/?rc=M2RreXl0PGU7aTMzOzczM0ApQHRAbzY8NDU3MzUzMzY2NTM0NDVvQGgzdSlAZnxvYmhsMWZkaGwxZHdyQHJgaF4yZWgwY18tLTMtL3NzLW8jbyM1LjIvMC0tLjYtLzEuNS06I28jOmEtbyNebWxhc2VvbGFzbGZycWA%3D
fail
no update
no update
no update
no update
no update
no update
no update
no update
no update
no update
no update
no update
no update
no update
no update
no update
no update
no update
https://www.ixigua.com/c/user/95859879519/ 5:00
95859879519
no update
no update
no update
no update
no update
no update
no update
no update
no update
no update
no update
no update
no update
no update
no update
no update
no update
no update
no update
no update
https://www.ixigua.com/c/user/95859879519/ 5:00
95859879519
