95859879519
no update
no update
no update
no update
no update
no update
no update
no update
no update
no update
no update
no update
no update
no update
no update
no update
no update
no update
no update
no update
4841965408
6614380201260352008
Message: 
Screenshot: available via screen

5
http://v3-tt.ixigua.com/9c87b732d82e35f9d4157ea25bdaefe4/5bcb0fc6/video/m/22056b24217815840e0afa1d1b6de27b3ba115dee6000004356ac887b89/
fail
no update
no update
no update
no update
no update
no update
no update
no update
no update
no update
no update
no update
no update
no update
no update
no update
no update
no update
no update
